{
"contracts/ERC20Token.sol":{"l":{"11":0},"path":"/home/pheelix/DutchAuction-Project/DutchAuction-Project-V3/contracts/ERC20Token.sol","s":{"1":0},"b":{"1":[0,0]},"f":{"1":0,"2":0},"fnMap":{"1":{"name":"constructor","line":8,"loc":{"start":{"line":8,"column":4},"end":{"line":8,"column":51}}},"2":{"name":"mint","line":10,"loc":{"start":{"line":10,"column":4},"end":{"line":12,"column":4}}}},"statementMap":{"1":{"start":{"line":11,"column":8},"end":{"line":11,"column":24}}},"branchMap":{"1":{"line":10,"type":"if","locations":[{"start":{"line":10,"column":53},"end":{"line":10,"column":53}},{"start":{"line":10,"column":53},"end":{"line":10,"column":53}}]}}},
"contracts/NFTDutchAuction_ERC20Bids.sol":{"l":{"41":0,"42":0,"43":0,"44":0,"45":0,"46":0,"47":0,"48":0,"49":0,"50":0,"52":0,"54":0,"59":0,"63":0,"67":0,"68":0,"69":0,"70":0,"71":0,"76":0,"82":0},"path":"/home/pheelix/DutchAuction-Project/DutchAuction-Project-V3/contracts/NFTDutchAuction_ERC20Bids.sol","s":{"1":0,"2":0,"3":0,"4":0,"5":0,"6":0,"7":0},"b":{"1":[0,0],"2":[0,0]},"f":{"1":0,"2":0,"3":0},"fnMap":{"1":{"name":"constructor","line":33,"loc":{"start":{"line":33,"column":4},"end":{"line":55,"column":4}}},"2":{"name":"getCurrentPrice","line":58,"loc":{"start":{"line":58,"column":4},"end":{"line":64,"column":4}}},"3":{"name":"placeBid","line":66,"loc":{"start":{"line":66,"column":4},"end":{"line":84,"column":4}}}},"statementMap":{"1":{"start":{"line":54,"column":8},"end":{"line":54,"column":74}},"2":{"start":{"line":63,"column":8},"end":{"line":63,"column":29}},"3":{"start":{"line":67,"column":8},"end":{"line":67,"column":24}},"4":{"start":{"line":69,"column":8},"end":{"line":69,"column":2391}},"5":{"start":{"line":71,"column":12},"end":{"line":71,"column":2505}},"6":{"start":{"line":76,"column":12},"end":{"line":76,"column":2691}},"7":{"start":{"line":82,"column":12},"end":{"line":82,"column":69}}},"branchMap":{"1":{"line":54,"type":"if","locations":[{"start":{"line":54,"column":8},"end":{"line":54,"column":8}},{"start":{"line":54,"column":8},"end":{"line":54,"column":8}}]},"2":{"line":69,"type":"if","locations":[{"start":{"line":69,"column":8},"end":{"line":69,"column":8}},{"start":{"line":69,"column":8},"end":{"line":69,"column":8}}]}}},
"contracts/NFTdutchauctiontoken.sol":{"l":{"11":0},"path":"/home/pheelix/DutchAuction-Project/DutchAuction-Project-V3/contracts/NFTdutchauctiontoken.sol","s":{"1":0},"b":{"1":[0,0]},"f":{"1":2,"2":0},"fnMap":{"1":{"name":"constructor","line":8,"loc":{"start":{"line":8,"column":4},"end":{"line":8,"column":57}}},"2":{"name":"safeMint","line":10,"loc":{"start":{"line":10,"column":4},"end":{"line":12,"column":4}}}},"statementMap":{"1":{"start":{"line":11,"column":8},"end":{"line":11,"column":29}}},"branchMap":{"1":{"line":10,"type":"if","locations":[{"start":{"line":10,"column":58},"end":{"line":10,"column":58}},{"start":{"line":10,"column":58},"end":{"line":10,"column":58}}]}}}}
