TN:
SF:/home/pheelix/DutchAuction-Project/DutchAuction-Project-V3/contracts/ERC20Token.sol
FN:8,constructor
FN:10,mint
FNF:2
FNH:0
FNDA:0,constructor
FNDA:0,mint
DA:11,0
LF:1
LH:0
BRDA:10,1,0,0
BRDA:10,1,1,0
BRF:2
BRH:0
end_of_record
TN:
SF:/home/pheelix/DutchAuction-Project/DutchAuction-Project-V3/contracts/NFTDutchAuction_ERC20Bids.sol
FN:33,constructor
FN:58,getCurrentPrice
FN:66,placeBid
FNF:3
FNH:0
FNDA:0,constructor
FNDA:0,getCurrentPrice
FNDA:0,placeBid
DA:41,0
DA:42,0
DA:43,0
DA:44,0
DA:45,0
DA:46,0
DA:47,0
DA:48,0
DA:49,0
DA:50,0
DA:52,0
DA:54,0
DA:59,0
DA:63,0
DA:67,0
DA:68,0
DA:69,0
DA:70,0
DA:71,0
DA:76,0
DA:82,0
LF:21
LH:0
BRDA:54,1,0,0
BRDA:54,1,1,0
BRDA:69,2,0,0
BRDA:69,2,1,0
BRF:4
BRH:0
end_of_record
TN:
SF:/home/pheelix/DutchAuction-Project/DutchAuction-Project-V3/contracts/NFTdutchauctiontoken.sol
FN:8,constructor
FN:10,safeMint
FNF:2
FNH:1
FNDA:2,constructor
FNDA:0,safeMint
DA:11,0
LF:1
LH:0
BRDA:10,1,0,0
BRDA:10,1,1,0
BRF:2
BRH:0
end_of_record
